<?xml version="1.0" encoding="UTF-8"?>
<!-- Generated by org.testng.reporters.JUnitReportReporter -->
<testsuite skipped="0" hostname="Prashant" name="com.uiFramework.companyName.projectName.testScripts.productDetailsPage.VerifyLowestFirstPriceFilter" tests="1" failures="1" timestamp="23 Apr 2019 12:39:45 GMT" time="25.876" errors="0">
  <testcase name="verifyLowestFirstPriceListInProduct_detailsPage" time="25.876" classname="com.uiFramework.companyName.projectName.testScripts.productDetailsPage.VerifyLowestFirstPriceFilter">
    <failure type="java.lang.AssertionError" message="expected [true] but found [false]">
      <![CDATA[java.lang.AssertionError: expected [true] but found [false]at org.testng.Assert.fail(Assert.java:96)at org.testng.Assert.failNotEquals(Assert.java:776)at org.testng.Assert.assertTrue(Assert.java:44)at org.testng.Assert.assertTrue(Assert.java:54)at com.uiFramework.companyName.projectName.helper.assertion.AssertionHelper.fail(AssertionHelper.java:56)at com.uiFramework.companyName.projectName.helper.assertion.AssertionHelper.updateTestStatus(AssertionHelper.java:70)at com.uiFramework.companyName.projectName.testScripts.productDetailsPage.VerifyLowestFirstPriceFilter.verifyLowestFirstPriceListInProduct_detailsPage(VerifyLowestFirstPriceFilter.java:40)at sun.reflect.NativeMethodAccessorImpl.invoke0(Native Method)at sun.reflect.NativeMethodAccessorImpl.invoke(NativeMethodAccessorImpl.java:62)at sun.reflect.DelegatingMethodAccessorImpl.invoke(DelegatingMethodAccessorImpl.java:43)at java.lang.reflect.Method.invoke(Method.java:498)at org.testng.internal.MethodInvocationHelper.invokeMethod(MethodInvocationHelper.java:124)at org.testng.internal.Invoker.invokeMethod(Invoker.java:571)at org.testng.internal.Invoker.invokeTestMethod(Invoker.java:707)at org.testng.internal.Invoker.invokeTestMethods(Invoker.java:979)at org.testng.internal.TestMethodWorker.invokeTestMethods(TestMethodWorker.java:125)at org.testng.internal.TestMethodWorker.run(TestMethodWorker.java:109)at org.testng.TestRunner.privateRun(TestRunner.java:648)at org.testng.TestRunner.run(TestRunner.java:505)at org.testng.SuiteRunner.runTest(SuiteRunner.java:455)at org.testng.SuiteRunner.runSequentially(SuiteRunner.java:450)at org.testng.SuiteRunner.privateRun(SuiteRunner.java:415)at org.testng.SuiteRunner.run(SuiteRunner.java:364)at org.testng.SuiteRunnerWorker.runSuite(SuiteRunnerWorker.java:52)at org.testng.SuiteRunnerWorker.run(SuiteRunnerWorker.java:84)at org.testng.TestNG.runSuitesSequentially(TestNG.java:1187)at org.testng.TestNG.runSuitesLocally(TestNG.java:1116)at org.testng.TestNG.runSuites(TestNG.java:1028)at org.testng.TestNG.run(TestNG.java:996)at org.apache.maven.surefire.testng.TestNGExecutor.run(TestNGExecutor.java:178)at org.apache.maven.surefire.testng.TestNGXmlTestSuite.execute(TestNGXmlTestSuite.java:92)at org.apache.maven.surefire.testng.TestNGProvider.invoke(TestNGProvider.java:96)at sun.reflect.NativeMethodAccessorImpl.invoke0(Native Method)at sun.reflect.NativeMethodAccessorImpl.invoke(NativeMethodAccessorImpl.java:62)at sun.reflect.DelegatingMethodAccessorImpl.invoke(DelegatingMethodAccessorImpl.java:43)at java.lang.reflect.Method.invoke(Method.java:498)at org.apache.maven.surefire.util.ReflectionUtils.invokeMethodWithArray2(ReflectionUtils.java:208)at org.apache.maven.surefire.booter.ProviderFactory$ProviderProxy.invoke(ProviderFactory.java:159)at org.apache.maven.surefire.booter.ProviderFactory.invokeProvider(ProviderFactory.java:87)at org.apache.maven.surefire.booter.ForkedBooter.runSuitesInProcess(ForkedBooter.java:153)at org.apache.maven.surefire.booter.ForkedBooter.main(ForkedBooter.java:95)]]>
    </failure>
  </testcase> <!-- verifyLowestFirstPriceListInProduct_detailsPage -->
</testsuite> <!-- com.uiFramework.companyName.projectName.testScripts.productDetailsPage.VerifyLowestFirstPriceFilter -->
